<?xml version="1.0" encoding="UTF-8"?>
<!-- Generated by org.testng.reporters.JUnitXMLReporter -->
<testsuite hostname="ICPL11465" ignored="9" name="Single Care TEST SUITE" tests="7" failures="0" timestamp="10 Jul 2017 04:57:51 GMT" time="62.173" errors="0">
  <testcase name="Login - Verify user can not login if email and password fields are blank" time="23.379" classname="com.qmetry.qaf.automation.step.client.Scenario"/>
  <testcase name="Login - Verify user can not login if email is entered and password field is blank" time="5.553" classname="com.qmetry.qaf.automation.step.client.DataDrivenScenario"/>
  <testcase name="Login - Verify user can not login if email is blank and password is entered" time="5.457" classname="com.qmetry.qaf.automation.step.client.DataDrivenScenario"/>
  <testcase name="Login - Valid registered email and incorrect password" time="8.338" classname="com.qmetry.qaf.automation.step.client.DataDrivenScenario"/>
  <testcase name="Login - Valid registered email and incorrect format password" time="5.298" classname="com.qmetry.qaf.automation.step.client.DataDrivenScenario"/>
  <testcase name="Login - Incorrect email and incorrect password" time="6.703" classname="com.qmetry.qaf.automation.step.client.DataDrivenScenario"/>
  <testcase name="Login - SQL Injection" time="7.23" classname="com.qmetry.qaf.automation.step.client.DataDrivenScenario"/>
  <testcase name="Login - Verify user can not login if email is entered and password field is blank" time="0.0" classname="com.qmetry.qaf.automation.step.client.DataDrivenScenario">
    <ignored/>
  </testcase> <!-- Login - Verify user can not login if email is entered and password field is blank -->
  <testcase name="Login - Verify user can not login if email is blank and password is entered" time="0.0" classname="com.qmetry.qaf.automation.step.client.DataDrivenScenario">
    <ignored/>
  </testcase> <!-- Login - Verify user can not login if email is blank and password is entered -->
  <testcase name="Login - Valid registered email and incorrect password" time="0.0" classname="com.qmetry.qaf.automation.step.client.DataDrivenScenario">
    <ignored/>
  </testcase> <!-- Login - Valid registered email and incorrect password -->
  <testcase name="Login - Valid registered email and incorrect format password" time="0.0" classname="com.qmetry.qaf.automation.step.client.DataDrivenScenario">
    <ignored/>
  </testcase> <!-- Login - Valid registered email and incorrect format password -->
  <testcase name="Login - Incorrect email and incorrect password" time="0.0" classname="com.qmetry.qaf.automation.step.client.DataDrivenScenario">
    <ignored/>
  </testcase> <!-- Login - Incorrect email and incorrect password -->
  <testcase name="Login - SQL Injection" time="0.0" classname="com.qmetry.qaf.automation.step.client.DataDrivenScenario">
    <ignored/>
  </testcase> <!-- Login - SQL Injection -->
  <testcase name="@BeforeSuite setupSuit" time="0.0" classname="com.qmetry.qaf.automation.ui.AbstractTestCase">
    <ignored/>
  </testcase> <!-- @BeforeSuite setupSuit -->
  <testcase name="@BeforeTest setupTest" time="0.0" classname="com.qmetry.qaf.automation.ui.AbstractTestCase">
    <ignored/>
  </testcase> <!-- @BeforeTest setupTest -->
  <testcase name="@AfterTest afterTest" time="0.0" classname="com.qmetry.qaf.automation.ui.AbstractTestCase">
    <ignored/>
  </testcase> <!-- @AfterTest afterTest -->
</testsuite> <!-- Single Care TEST SUITE -->
