<?xml version="1.0" encoding="UTF-8"?>
<testng-results skipped="0" failed="0" ignored="9" total="16" passed="7">
  <reporter-output>
    <line>
      <![CDATA[<div style="display:block;margin-left:10px;"><div  class="teststeppass"><span class="teststeppass-label">T </span>Given user is on singlecare 'home' page</div><div style="display:block;margin-left:10px;"><div  class="info"><span class="info-label">I </span>Page title is SingleCare: Affordable Health Care & Pharmacy Discount Card</div><div  class="pass"><span class="pass-label">P </span>We are on singlecare page
Expected: "SingleCare: Affordable Health Care & Pharmacy Discount Card"
     Actual: was "SingleCare: Affordable Health Care & Pharmacy Discount Card" <a href="img/Login - Verify user can not login if email and password fields are blank_iya4tkf3ajk13806.png" target="_blank">[View Screenshot]</a> </div></div><div  class="teststeppass"><span class="teststeppass-label">T </span>When user navigates to 'signin' page</div><div  class="teststeppass"><span class="teststeppass-label">T </span>And user login with blank email and blank password</div><div  class="teststeppass"><span class="teststeppass-label">T </span>Then user gets field error message</div><div style="display:block;margin-left:10px;"><div  class="pass"><span class="pass-label">P </span>Error message Displayed
Expected: "This value is required."
     Actual: was "This value is required." <a href="img/Login - Verify user can not login if email and password fields are blank_tu1ryweay8p63807.png" target="_blank">[View Screenshot]</a> </div></div><div  class="teststeppass"><span class="teststeppass-label">T </span>And verify user unable to log in</div><div style="display:block;margin-left:10px;"><div  class="pass"><span class="pass-label">P </span>Expected Login Button disabled : Actual Login Button disabled <a href="img/Login - Verify user can not login if email and password fields are blank_pqcmy0uxypkb3808.png" target="_blank">[View Screenshot]</a> </div></div></div>]]>
    </line>
    <line>
      <![CDATA[<div style="display:block;margin-left:10px;"><div  class="teststeppass"><span class="teststeppass-label">T </span>Given user is on singlecare 'home' page</div><div style="display:block;margin-left:10px;"><div  class="info"><span class="info-label">I </span>Page title is SingleCare: Affordable Health Care & Pharmacy Discount Card</div><div  class="pass"><span class="pass-label">P </span>We are on singlecare page
Expected: "SingleCare: Affordable Health Care & Pharmacy Discount Card"
     Actual: was "SingleCare: Affordable Health Care & Pharmacy Discount Card" <a href="img/Login - Verify user can not login if email is entered and password field is blank_1ojceflkb52ro3809.png" target="_blank">[View Screenshot]</a> </div></div><div  class="teststeppass"><span class="teststeppass-label">T </span>When user navigates to 'signin' page</div><div  class="teststeppass"><span class="teststeppass-label">T </span>And user login with 'qa1.infostretch@gmail.com' and blank password</div><div  class="teststeppass"><span class="teststeppass-label">T </span>Then user gets field error message</div><div style="display:block;margin-left:10px;"><div  class="pass"><span class="pass-label">P </span>Error message Displayed
Expected: "This value is required."
     Actual: was "This value is required." <a href="img/Login - Verify user can not login if email is entered and password field is blank_1v2jl25f63ccs3810.png" target="_blank">[View Screenshot]</a> </div></div><div  class="teststeppass"><span class="teststeppass-label">T </span>And verify user unable to log in</div><div style="display:block;margin-left:10px;"><div  class="pass"><span class="pass-label">P </span>Expected Login Button disabled : Actual Login Button disabled <a href="img/Login - Verify user can not login if email is entered and password field is blank_8vbl926nhryo3811.png" target="_blank">[View Screenshot]</a> </div></div></div>]]>
    </line>
    <line>
      <![CDATA[<div style="display:block;margin-left:10px;"><div  class="teststeppass"><span class="teststeppass-label">T </span>Given user is on singlecare 'home' page</div><div style="display:block;margin-left:10px;"><div  class="info"><span class="info-label">I </span>Page title is SingleCare: Affordable Health Care & Pharmacy Discount Card</div><div  class="pass"><span class="pass-label">P </span>We are on singlecare page
Expected: "SingleCare: Affordable Health Care & Pharmacy Discount Card"
     Actual: was "SingleCare: Affordable Health Care & Pharmacy Discount Card" <a href="img/Login - Verify user can not login if email is blank and password is entered_ljlbnxjf20i93812.png" target="_blank">[View Screenshot]</a> </div></div><div  class="teststeppass"><span class="teststeppass-label">T </span>When user navigates to 'signin' page</div><div  class="teststeppass"><span class="teststeppass-label">T </span>And user login with blank email and 'Qa123456'</div><div  class="teststeppass"><span class="teststeppass-label">T </span>Then user gets field error message</div><div style="display:block;margin-left:10px;"><div  class="pass"><span class="pass-label">P </span>Error message Displayed
Expected: "This value is required."
     Actual: was "This value is required." <a href="img/Login - Verify user can not login if email is blank and password is entered_gg4dksxpeq8u3813.png" target="_blank">[View Screenshot]</a> </div></div><div  class="teststeppass"><span class="teststeppass-label">T </span>And verify user unable to log in</div><div style="display:block;margin-left:10px;"><div  class="pass"><span class="pass-label">P </span>Expected Login Button disabled : Actual Login Button disabled <a href="img/Login - Verify user can not login if email is blank and password is entered_t271qosdjoob3814.png" target="_blank">[View Screenshot]</a> </div></div></div>]]>
    </line>
    <line>
      <![CDATA[<div style="display:block;margin-left:10px;"><div  class="teststeppass"><span class="teststeppass-label">T </span>Given user is on singlecare 'home' page</div><div style="display:block;margin-left:10px;"><div  class="info"><span class="info-label">I </span>Page title is SingleCare: Affordable Health Care & Pharmacy Discount Card</div><div  class="pass"><span class="pass-label">P </span>We are on singlecare page
Expected: "SingleCare: Affordable Health Care & Pharmacy Discount Card"
     Actual: was "SingleCare: Affordable Health Care & Pharmacy Discount Card" <a href="img/Login - Valid registered email and incorrect password_1q3gy4mmlxao73815.png" target="_blank">[View Screenshot]</a> </div></div><div  class="teststeppass"><span class="teststeppass-label">T </span>When user navigates to 'signin' page</div><div  class="teststeppass"><span class="teststeppass-label">T </span>And user login with 'qa1.infostretch@gmail.com' and 'Ta123456'</div><div  class="teststeppass"><span class="teststeppass-label">T </span>Then user gets validation error message</div><div style="display:block;margin-left:10px;"><div  class="pass"><span class="pass-label">P </span>Error message Displayed
Expected: a string containing "We don't recognize that account information. Please try entering it again."
     Actual: was "We don't recognize that account information. Please try entering it again." <a href="img/Login - Valid registered email and incorrect password_g134ihkw7x033816.png" target="_blank">[View Screenshot]</a> </div></div></div>]]>
    </line>
    <line>
      <![CDATA[<div style="display:block;margin-left:10px;"><div  class="teststeppass"><span class="teststeppass-label">T </span>Given user is on singlecare 'home' page</div><div style="display:block;margin-left:10px;"><div  class="info"><span class="info-label">I </span>Page title is SingleCare: Affordable Health Care & Pharmacy Discount Card</div><div  class="pass"><span class="pass-label">P </span>We are on singlecare page
Expected: "SingleCare: Affordable Health Care & Pharmacy Discount Card"
     Actual: was "SingleCare: Affordable Health Care & Pharmacy Discount Card" <a href="img/Login - Valid registered email and incorrect format password_wgpqpj57cmna3817.png" target="_blank">[View Screenshot]</a> </div></div><div  class="teststeppass"><span class="teststeppass-label">T </span>When user navigates to 'signin' page</div><div  class="teststeppass"><span class="teststeppass-label">T </span>And user login with 'qa1.infostretch@gmail.com' and invalid 'ta1111'</div><div  class="teststeppass"><span class="teststeppass-label">T </span>Then user gets password error message</div><div style="display:block;margin-left:10px;"><div  class="pass"><span class="pass-label">P </span>Password Error message Displayed
Expected: "This password does not meet the criteria. Please try again."
     Actual: was "This password does not meet the criteria. Please try again." <a href="img/Login - Valid registered email and incorrect format password_1d9f00q1b3evz3818.png" target="_blank">[View Screenshot]</a> </div></div><div  class="teststeppass"><span class="teststeppass-label">T </span>And verify user unable to log in</div><div style="display:block;margin-left:10px;"><div  class="pass"><span class="pass-label">P </span>Expected Login Button disabled : Actual Login Button disabled <a href="img/Login - Valid registered email and incorrect format password_1bj1q8cn7zux73819.png" target="_blank">[View Screenshot]</a> </div></div></div>]]>
    </line>
    <line>
      <![CDATA[<div style="display:block;margin-left:10px;"><div  class="teststeppass"><span class="teststeppass-label">T </span>Given user is on singlecare 'home' page</div><div style="display:block;margin-left:10px;"><div  class="info"><span class="info-label">I </span>Page title is SingleCare: Affordable Health Care & Pharmacy Discount Card</div><div  class="pass"><span class="pass-label">P </span>We are on singlecare page
Expected: "SingleCare: Affordable Health Care & Pharmacy Discount Card"
     Actual: was "SingleCare: Affordable Health Care & Pharmacy Discount Card" <a href="img/Login - Incorrect email and incorrect password_7tngnme8uyc33820.png" target="_blank">[View Screenshot]</a> </div></div><div  class="teststeppass"><span class="teststeppass-label">T </span>When user navigates to 'signin' page</div><div  class="teststeppass"><span class="teststeppass-label">T </span>And user login with 'qa@tmail.commm' and 'Ta123456'</div><div  class="teststeppass"><span class="teststeppass-label">T </span>Then user gets error message</div><div style="display:block;margin-left:10px;"><div  class="pass"><span class="pass-label">P </span>Error message Displayed
Expected: a string containing "We don't recognize that account information. Please try entering it again."
     Actual: was "We don't recognize that account information. Please try entering it again." <a href="img/Login - Incorrect email and incorrect password_1rth5xj5e2kn23821.png" target="_blank">[View Screenshot]</a> </div></div></div>]]>
    </line>
    <line>
      <![CDATA[<div style="display:block;margin-left:10px;"><div  class="teststeppass"><span class="teststeppass-label">T </span>Given user is on singlecare 'home' page</div><div style="display:block;margin-left:10px;"><div  class="info"><span class="info-label">I </span>Page title is SingleCare: Affordable Health Care & Pharmacy Discount Card</div><div  class="pass"><span class="pass-label">P </span>We are on singlecare page
Expected: "SingleCare: Affordable Health Care & Pharmacy Discount Card"
     Actual: was "SingleCare: Affordable Health Care & Pharmacy Discount Card" <a href="img/Login - SQL Injection_sgrl1dff3s2q3822.png" target="_blank">[View Screenshot]</a> </div></div><div  class="teststeppass"><span class="teststeppass-label">T </span>When user navigates to 'signin' page</div><div  class="teststeppass"><span class="teststeppass-label">T </span>And user login with invalid 'test@example.com' OR 1 = 1 --' and valid 'Qa123456'</div><div  class="teststeppass"><span class="teststeppass-label">T </span>Then user gets invalid email error message</div><div style="display:block;margin-left:10px;"><div  class="pass"><span class="pass-label">P </span>Invalid Email Error message Displayed
Expected: "Please enter a valid email."
     Actual: was "Please enter a valid email." <a href="img/Login - SQL Injection_2oyd3hlva5do3823.png" target="_blank">[View Screenshot]</a> </div></div></div>]]>
    </line>
  </reporter-output>
  <suite name="Single Care Test Suite" duration-ms="62173" started-at="2017-07-10T04:56:48Z" finished-at="2017-07-10T04:57:51Z">
    <groups>
      <group name="Negative">
        <method signature="scenarios.web.login.bdd.Login - Incorrect email and incorrect password( java.util.Map)[pri:1005, instance:com.qmetry.qaf.automation.step.client.DataDrivenScenario@3ed]" name="Login - Incorrect email and incorrect password" class="com.qmetry.qaf.automation.step.client.DataDrivenScenario"/>
        <method signature="scenarios.web.login.bdd.Login - SQL Injection( java.util.Map)[pri:1006, instance:com.qmetry.qaf.automation.step.client.DataDrivenScenario@3ee]" name="Login - SQL Injection" class="com.qmetry.qaf.automation.step.client.DataDrivenScenario"/>
        <method signature="scenarios.web.login.bdd.Login - Valid registered email and incorrect format password( java.util.Map)[pri:1004, instance:com.qmetry.qaf.automation.step.client.DataDrivenScenario@3ec]" name="Login - Valid registered email and incorrect format password" class="com.qmetry.qaf.automation.step.client.DataDrivenScenario"/>
        <method signature="scenarios.web.login.bdd.Login - Valid registered email and incorrect password( java.util.Map)[pri:1003, instance:com.qmetry.qaf.automation.step.client.DataDrivenScenario@3eb]" name="Login - Valid registered email and incorrect password" class="com.qmetry.qaf.automation.step.client.DataDrivenScenario"/>
        <method signature="scenarios.web.login.bdd.Login - Verify user can not login if email and password fields are blank()[pri:1000, instance:com.qmetry.qaf.automation.step.client.Scenario@3e8]" name="Login - Verify user can not login if email and password fields are blank" class="com.qmetry.qaf.automation.step.client.Scenario"/>
        <method signature="scenarios.web.login.bdd.Login - Verify user can not login if email is blank and password is entered( java.util.Map)[pri:1002, instance:com.qmetry.qaf.automation.step.client.DataDrivenScenario@3ea]" name="Login - Verify user can not login if email is blank and password is entered" class="com.qmetry.qaf.automation.step.client.DataDrivenScenario"/>
        <method signature="scenarios.web.login.bdd.Login - Verify user can not login if email is entered and password field is blank( java.util.Map)[pri:1001, instance:com.qmetry.qaf.automation.step.client.DataDrivenScenario@3e9]" name="Login - Verify user can not login if email is entered and password field is blank" class="com.qmetry.qaf.automation.step.client.DataDrivenScenario"/>
      </group> <!-- Negative -->
      <group name="Web">
        <method signature="scenarios.web.login.bdd.Login - Incorrect email and incorrect password( java.util.Map)[pri:1005, instance:com.qmetry.qaf.automation.step.client.DataDrivenScenario@3ed]" name="Login - Incorrect email and incorrect password" class="com.qmetry.qaf.automation.step.client.DataDrivenScenario"/>
        <method signature="scenarios.web.login.bdd.Login - SQL Injection( java.util.Map)[pri:1006, instance:com.qmetry.qaf.automation.step.client.DataDrivenScenario@3ee]" name="Login - SQL Injection" class="com.qmetry.qaf.automation.step.client.DataDrivenScenario"/>
        <method signature="scenarios.web.login.bdd.Login - Valid registered email and incorrect format password( java.util.Map)[pri:1004, instance:com.qmetry.qaf.automation.step.client.DataDrivenScenario@3ec]" name="Login - Valid registered email and incorrect format password" class="com.qmetry.qaf.automation.step.client.DataDrivenScenario"/>
        <method signature="scenarios.web.login.bdd.Login - Valid registered email and incorrect password( java.util.Map)[pri:1003, instance:com.qmetry.qaf.automation.step.client.DataDrivenScenario@3eb]" name="Login - Valid registered email and incorrect password" class="com.qmetry.qaf.automation.step.client.DataDrivenScenario"/>
        <method signature="scenarios.web.login.bdd.Login - Verify user can not login if email and password fields are blank()[pri:1000, instance:com.qmetry.qaf.automation.step.client.Scenario@3e8]" name="Login - Verify user can not login if email and password fields are blank" class="com.qmetry.qaf.automation.step.client.Scenario"/>
        <method signature="scenarios.web.login.bdd.Login - Verify user can not login if email is blank and password is entered( java.util.Map)[pri:1002, instance:com.qmetry.qaf.automation.step.client.DataDrivenScenario@3ea]" name="Login - Verify user can not login if email is blank and password is entered" class="com.qmetry.qaf.automation.step.client.DataDrivenScenario"/>
        <method signature="scenarios.web.login.bdd.Login - Verify user can not login if email is entered and password field is blank( java.util.Map)[pri:1001, instance:com.qmetry.qaf.automation.step.client.DataDrivenScenario@3e9]" name="Login - Verify user can not login if email is entered and password field is blank" class="com.qmetry.qaf.automation.step.client.DataDrivenScenario"/>
      </group> <!-- Web -->
      <group name="Regression">
        <method signature="scenarios.web.login.bdd.Login - Incorrect email and incorrect password( java.util.Map)[pri:1005, instance:com.qmetry.qaf.automation.step.client.DataDrivenScenario@3ed]" name="Login - Incorrect email and incorrect password" class="com.qmetry.qaf.automation.step.client.DataDrivenScenario"/>
        <method signature="scenarios.web.login.bdd.Login - SQL Injection( java.util.Map)[pri:1006, instance:com.qmetry.qaf.automation.step.client.DataDrivenScenario@3ee]" name="Login - SQL Injection" class="com.qmetry.qaf.automation.step.client.DataDrivenScenario"/>
        <method signature="scenarios.web.login.bdd.Login - Valid registered email and incorrect format password( java.util.Map)[pri:1004, instance:com.qmetry.qaf.automation.step.client.DataDrivenScenario@3ec]" name="Login - Valid registered email and incorrect format password" class="com.qmetry.qaf.automation.step.client.DataDrivenScenario"/>
        <method signature="scenarios.web.login.bdd.Login - Valid registered email and incorrect password( java.util.Map)[pri:1003, instance:com.qmetry.qaf.automation.step.client.DataDrivenScenario@3eb]" name="Login - Valid registered email and incorrect password" class="com.qmetry.qaf.automation.step.client.DataDrivenScenario"/>
        <method signature="scenarios.web.login.bdd.Login - Verify user can not login if email and password fields are blank()[pri:1000, instance:com.qmetry.qaf.automation.step.client.Scenario@3e8]" name="Login - Verify user can not login if email and password fields are blank" class="com.qmetry.qaf.automation.step.client.Scenario"/>
        <method signature="scenarios.web.login.bdd.Login - Verify user can not login if email is blank and password is entered( java.util.Map)[pri:1002, instance:com.qmetry.qaf.automation.step.client.DataDrivenScenario@3ea]" name="Login - Verify user can not login if email is blank and password is entered" class="com.qmetry.qaf.automation.step.client.DataDrivenScenario"/>
        <method signature="scenarios.web.login.bdd.Login - Verify user can not login if email is entered and password field is blank( java.util.Map)[pri:1001, instance:com.qmetry.qaf.automation.step.client.DataDrivenScenario@3e9]" name="Login - Verify user can not login if email is entered and password field is blank" class="com.qmetry.qaf.automation.step.client.DataDrivenScenario"/>
      </group> <!-- Regression -->
    </groups>
    <test name="Single Care TEST SUITE" duration-ms="62173" started-at="2017-07-10T04:56:48Z" finished-at="2017-07-10T04:57:51Z">
      <class name="com.qmetry.qaf.automation.step.client.Scenario">
        <test-method status="PASS" signature="setupSuit(org.testng.ITestContext)[pri:0, instance:com.qmetry.qaf.automation.step.client.Scenario@3e8]" test-instance-name="Login - Verify user can not login if email and password fields are blank" name="setupSuit" is-config="true" duration-ms="26" started-at="2017-07-10T10:26:48Z" finished-at="2017-07-10T10:26:48Z">
          <params>
            <param index="0">
              <value>
                <![CDATA[org.testng.TestRunner@7d8995e]]>
              </value>
            </param>
          </params>
          <reporter-output>
          </reporter-output>
        </test-method> <!-- setupSuit -->
        <test-method status="PASS" signature="setupTest(org.testng.ITestContext)[pri:0, instance:com.qmetry.qaf.automation.step.client.Scenario@3e8]" test-instance-name="Login - Verify user can not login if email and password fields are blank" name="setupTest" is-config="true" duration-ms="2" started-at="2017-07-10T10:26:48Z" finished-at="2017-07-10T10:26:48Z">
          <params>
            <param index="0">
              <value>
                <![CDATA[org.testng.TestRunner@7d8995e]]>
              </value>
            </param>
          </params>
          <reporter-output>
          </reporter-output>
        </test-method> <!-- setupTest -->
        <test-method status="PASS" signature="setup(org.testng.ITestContext)[pri:0, instance:com.qmetry.qaf.automation.step.client.Scenario@3e8]" test-instance-name="Login - Verify user can not login if email and password fields are blank" name="setup" is-config="true" duration-ms="1" started-at="2017-07-10T10:26:48Z" finished-at="2017-07-10T10:26:48Z">
          <params>
            <param index="0">
              <value>
                <![CDATA[org.testng.TestRunner@7d8995e]]>
              </value>
            </param>
          </params>
          <reporter-output>
          </reporter-output>
        </test-method> <!-- setup -->
        <test-method status="PASS" signature="setupMethod(java.lang.reflect.Method, org.testng.ITestContext)[pri:0, instance:com.qmetry.qaf.automation.step.client.Scenario@3e8]" test-instance-name="Login - Verify user can not login if email and password fields are blank" name="setupMethod" is-config="true" duration-ms="0" started-at="2017-07-10T10:26:48Z" finished-at="2017-07-10T10:26:48Z">
          <params>
            <param index="0">
              <value>
                <![CDATA[public void com.qmetry.qaf.automation.step.client.Scenario.scenario()]]>
              </value>
            </param>
            <param index="1">
              <value>
                <![CDATA[org.testng.TestRunner@7d8995e]]>
              </value>
            </param>
          </params>
          <reporter-output>
          </reporter-output>
        </test-method> <!-- setupMethod -->
        <test-method status="PASS" signature="Login - Verify user can not login if email and password fields are blank()[pri:1000, instance:com.qmetry.qaf.automation.step.client.Scenario@3e8]" test-instance-name="Login - Verify user can not login if email and password fields are blank" name="Login - Verify user can not login if email and password fields are blank" duration-ms="23379" started-at="2017-07-10T10:26:48Z" description="Verify user can not login if email and password fields are blank" finished-at="2017-07-10T10:27:12Z">
          <reporter-output>
            <line>
              <![CDATA[<div style="display:block;margin-left:10px;"><div  class="teststeppass"><span class="teststeppass-label">T </span>Given user is on singlecare 'home' page</div><div style="display:block;margin-left:10px;"><div  class="info"><span class="info-label">I </span>Page title is SingleCare: Affordable Health Care & Pharmacy Discount Card</div><div  class="pass"><span class="pass-label">P </span>We are on singlecare page
Expected: "SingleCare: Affordable Health Care & Pharmacy Discount Card"
     Actual: was "SingleCare: Affordable Health Care & Pharmacy Discount Card" <a href="img/Login - Verify user can not login if email and password fields are blank_iya4tkf3ajk13806.png" target="_blank">[View Screenshot]</a> </div></div><div  class="teststeppass"><span class="teststeppass-label">T </span>When user navigates to 'signin' page</div><div  class="teststeppass"><span class="teststeppass-label">T </span>And user login with blank email and blank password</div><div  class="teststeppass"><span class="teststeppass-label">T </span>Then user gets field error message</div><div style="display:block;margin-left:10px;"><div  class="pass"><span class="pass-label">P </span>Error message Displayed
Expected: "This value is required."
     Actual: was "This value is required." <a href="img/Login - Verify user can not login if email and password fields are blank_tu1ryweay8p63807.png" target="_blank">[View Screenshot]</a> </div></div><div  class="teststeppass"><span class="teststeppass-label">T </span>And verify user unable to log in</div><div style="display:block;margin-left:10px;"><div  class="pass"><span class="pass-label">P </span>Expected Login Button disabled : Actual Login Button disabled <a href="img/Login - Verify user can not login if email and password fields are blank_pqcmy0uxypkb3808.png" target="_blank">[View Screenshot]</a> </div></div></div>]]>
            </line>
          </reporter-output>
        </test-method> <!-- Login - Verify user can not login if email and password fields are blank -->
        <test-method status="PASS" signature="afterMethod(org.testng.ITestContext, org.testng.ITestResult)[pri:0, instance:com.qmetry.qaf.automation.step.client.Scenario@3e8]" test-instance-name="Login - Verify user can not login if email and password fields are blank" name="afterMethod" is-config="true" duration-ms="0" started-at="2017-07-10T10:27:12Z" finished-at="2017-07-10T10:27:12Z">
          <params>
            <param index="0">
              <value>
                <![CDATA[org.testng.TestRunner@7d8995e]]>
              </value>
            </param>
            <param index="1">
              <value>
                <![CDATA[[TestResult name=Login - Verify user can not login if email and password fields are blank status=SUCCESS method=scenarios.web.login.bdd.Login - Verify user can not login if email and password fields are blank()[pri:1000, instance:com.qmetry.qaf.automation.step.client.Scenario@3e8] output=<div style="display:block;margin-left:10px;"><div  class="teststeppass"><span class="teststeppass-label">T </span>Given user is on singlecare 'home' page</div><div style="display:block;margin-left:10px;"><div  class="info"><span class="info-label">I </span>Page title is SingleCare: Affordable Health Care & Pharmacy Discount Card</div><div  class="pass"><span class="pass-label">P </span>We are on singlecare page
Expected: "SingleCare: Affordable Health Care & Pharmacy Discount Card"
     Actual: was "SingleCare: Affordable Health Care & Pharmacy Discount Card" <a href="img/Login - Verify user can not login if email and password fields are blank_iya4tkf3ajk13806.png" target="_blank">[View Screenshot]</a> </div></div><div  class="teststeppass"><span class="teststeppass-label">T </span>When user navigates to 'signin' page</div><div  class="teststeppass"><span class="teststeppass-label">T </span>And user login with blank email and blank password</div><div  class="teststeppass"><span class="teststeppass-label">T </span>Then user gets field error message</div><div style="display:block;margin-left:10px;"><div  class="pass"><span class="pass-label">P </span>Error message Displayed
Expected: "This value is required."
     Actual: was "This value is required." <a href="img/Login - Verify user can not login if email and password fields are blank_tu1ryweay8p63807.png" target="_blank">[View Screenshot]</a> </div></div><div  class="teststeppass"><span class="teststeppass-label">T </span>And verify user unable to log in</div><div style="display:block;margin-left:10px;"><div  class="pass"><span class="pass-label">P </span>Expected Login Button disabled : Actual Login Button disabled <a href="img/Login - Verify user can not login if email and password fields are blank_pqcmy0uxypkb3808.png" target="_blank">[View Screenshot]</a> </div></div></div>]]]>
              </value>
            </param>
          </params>
          <reporter-output>
          </reporter-output>
        </test-method> <!-- afterMethod -->
        <test-method status="PASS" signature="afterClass(org.testng.ITestContext)[pri:0, instance:com.qmetry.qaf.automation.step.client.Scenario@3e8]" test-instance-name="Login - Verify user can not login if email and password fields are blank" name="afterClass" is-config="true" duration-ms="0" started-at="2017-07-10T10:27:12Z" finished-at="2017-07-10T10:27:12Z">
          <params>
            <param index="0">
              <value>
                <![CDATA[org.testng.TestRunner@7d8995e]]>
              </value>
            </param>
          </params>
          <reporter-output>
          </reporter-output>
        </test-method> <!-- afterClass -->
        <test-method status="PASS" signature="afterTest(org.testng.ITestContext)[pri:0, instance:com.qmetry.qaf.automation.step.client.Scenario@3e8]" test-instance-name="Login - Verify user can not login if email and password fields are blank" name="afterTest" is-config="true" duration-ms="32" started-at="2017-07-10T10:27:50Z" finished-at="2017-07-10T10:27:51Z">
          <params>
            <param index="0">
              <value>
                <![CDATA[org.testng.TestRunner@7d8995e]]>
              </value>
            </param>
          </params>
          <reporter-output>
          </reporter-output>
        </test-method> <!-- afterTest -->
      </class> <!-- com.qmetry.qaf.automation.step.client.Scenario -->
      <class name="com.qmetry.qaf.automation.step.client.DataDrivenScenario">
        <test-method status="PASS" signature="setup(org.testng.ITestContext)[pri:0, instance:com.qmetry.qaf.automation.step.client.DataDrivenScenario@3ee]" test-instance-name="Login - Verify user can not login if email is entered and password field is blank" name="setup" is-config="true" duration-ms="1" started-at="2017-07-10T10:27:12Z" finished-at="2017-07-10T10:27:12Z">
          <params>
            <param index="0">
              <value>
                <![CDATA[org.testng.TestRunner@7d8995e]]>
              </value>
            </param>
          </params>
          <reporter-output>
          </reporter-output>
        </test-method> <!-- setup -->
        <test-method status="PASS" signature="setupMethod(java.lang.reflect.Method, org.testng.ITestContext)[pri:0, instance:com.qmetry.qaf.automation.step.client.DataDrivenScenario@3ee]" test-instance-name="Login - Verify user can not login if email is entered and password field is blank" name="setupMethod" is-config="true" duration-ms="1" started-at="2017-07-10T10:27:12Z" finished-at="2017-07-10T10:27:12Z">
          <params>
            <param index="0">
              <value>
                <![CDATA[public void com.qmetry.qaf.automation.step.client.DataDrivenScenario.scenario(java.util.Map)]]>
              </value>
            </param>
            <param index="1">
              <value>
                <![CDATA[org.testng.TestRunner@7d8995e]]>
              </value>
            </param>
          </params>
          <reporter-output>
          </reporter-output>
        </test-method> <!-- setupMethod -->
        <test-method name="Login - Verify user can not login if email is entered and password field is blank" test-instance-name="Login - Verify user can not login if email is entered and password field is blank" signature="Login - Verify user can not login if email is entered and password field is blank( java.util.Map)[pri:1001, instance:com.qmetry.qaf.automation.step.client.DataDrivenScenario@3e9]" status="PASS" duration-ms="5553" finished-at="2017-07-10T10:27:17Z" started-at="2017-07-10T10:27:12Z" data-provider="scenariodp" description="Verify user can not login if email is entered and password field is blank">
          <params>
            <param index="0">
              <value>
                <![CDATA[{email=qa1.infostretch@gmail.com, password=Qa123456, invalidPassword=Ta123456, formatPassword=ta1111, invalidemail=qa@tmail.commm, sqlemail=test@example.com' OR 1 = 1 --}]]>
              </value>
            </param>
          </params>
          <reporter-output>
            <line>
              <![CDATA[<div style="display:block;margin-left:10px;"><div  class="teststeppass"><span class="teststeppass-label">T </span>Given user is on singlecare 'home' page</div><div style="display:block;margin-left:10px;"><div  class="info"><span class="info-label">I </span>Page title is SingleCare: Affordable Health Care & Pharmacy Discount Card</div><div  class="pass"><span class="pass-label">P </span>We are on singlecare page
Expected: "SingleCare: Affordable Health Care & Pharmacy Discount Card"
     Actual: was "SingleCare: Affordable Health Care & Pharmacy Discount Card" <a href="img/Login - Verify user can not login if email is entered and password field is blank_1ojceflkb52ro3809.png" target="_blank">[View Screenshot]</a> </div></div><div  class="teststeppass"><span class="teststeppass-label">T </span>When user navigates to 'signin' page</div><div  class="teststeppass"><span class="teststeppass-label">T </span>And user login with 'qa1.infostretch@gmail.com' and blank password</div><div  class="teststeppass"><span class="teststeppass-label">T </span>Then user gets field error message</div><div style="display:block;margin-left:10px;"><div  class="pass"><span class="pass-label">P </span>Error message Displayed
Expected: "This value is required."
     Actual: was "This value is required." <a href="img/Login - Verify user can not login if email is entered and password field is blank_1v2jl25f63ccs3810.png" target="_blank">[View Screenshot]</a> </div></div><div  class="teststeppass"><span class="teststeppass-label">T </span>And verify user unable to log in</div><div style="display:block;margin-left:10px;"><div  class="pass"><span class="pass-label">P </span>Expected Login Button disabled : Actual Login Button disabled <a href="img/Login - Verify user can not login if email is entered and password field is blank_8vbl926nhryo3811.png" target="_blank">[View Screenshot]</a> </div></div></div>]]>
            </line>
          </reporter-output>
        </test-method> <!-- Login - Verify user can not login if email is entered and password field is blank -->
        <test-method status="PASS" signature="afterMethod(org.testng.ITestContext, org.testng.ITestResult)[pri:0, instance:com.qmetry.qaf.automation.step.client.DataDrivenScenario@3ee]" test-instance-name="Login - Verify user can not login if email is entered and password field is blank" name="afterMethod" is-config="true" duration-ms="1" started-at="2017-07-10T10:27:17Z" finished-at="2017-07-10T10:27:17Z">
          <params>
            <param index="0">
              <value>
                <![CDATA[org.testng.TestRunner@7d8995e]]>
              </value>
            </param>
            <param index="1">
              <value>
                <![CDATA[[TestResult name=Login - Verify user can not login if email is entered and password field is blank status=SUCCESS method=scenarios.web.login.bdd.Login - Verify user can not login if email is entered and password field is blank( java.util.Map)[pri:1001, instance:com.qmetry.qaf.automation.step.client.DataDrivenScenario@3e9] output=<div style="display:block;margin-left:10px;"><div  class="teststeppass"><span class="teststeppass-label">T </span>Given user is on singlecare 'home' page</div><div style="display:block;margin-left:10px;"><div  class="info"><span class="info-label">I </span>Page title is SingleCare: Affordable Health Care & Pharmacy Discount Card</div><div  class="pass"><span class="pass-label">P </span>We are on singlecare page
Expected: "SingleCare: Affordable Health Care & Pharmacy Discount Card"
     Actual: was "SingleCare: Affordable Health Care & Pharmacy Discount Card" <a href="img/Login - Verify user can not login if email is entered and password field is blank_1ojceflkb52ro3809.png" target="_blank">[View Screenshot]</a> </div></div><div  class="teststeppass"><span class="teststeppass-label">T </span>When user navigates to 'signin' page</div><div  class="teststeppass"><span class="teststeppass-label">T </span>And user login with 'qa1.infostretch@gmail.com' and blank password</div><div  class="teststeppass"><span class="teststeppass-label">T </span>Then user gets field error message</div><div style="display:block;margin-left:10px;"><div  class="pass"><span class="pass-label">P </span>Error message Displayed
Expected: "This value is required."
     Actual: was "This value is required." <a href="img/Login - Verify user can not login if email is entered and password field is blank_1v2jl25f63ccs3810.png" target="_blank">[View Screenshot]</a> </div></div><div  class="teststeppass"><span class="teststeppass-label">T </span>And verify user unable to log in</div><div style="display:block;margin-left:10px;"><div  class="pass"><span class="pass-label">P </span>Expected Login Button disabled : Actual Login Button disabled <a href="img/Login - Verify user can not login if email is entered and password field is blank_8vbl926nhryo3811.png" target="_blank">[View Screenshot]</a> </div></div></div>]]]>
              </value>
            </param>
          </params>
          <reporter-output>
          </reporter-output>
        </test-method> <!-- afterMethod -->
        <test-method status="PASS" signature="afterClass(org.testng.ITestContext)[pri:0, instance:com.qmetry.qaf.automation.step.client.DataDrivenScenario@3ee]" test-instance-name="Login - Verify user can not login if email is entered and password field is blank" name="afterClass" is-config="true" duration-ms="0" started-at="2017-07-10T10:27:17Z" finished-at="2017-07-10T10:27:17Z">
          <params>
            <param index="0">
              <value>
                <![CDATA[org.testng.TestRunner@7d8995e]]>
              </value>
            </param>
          </params>
          <reporter-output>
          </reporter-output>
        </test-method> <!-- afterClass -->
        <test-method status="PASS" signature="setup(org.testng.ITestContext)[pri:0, instance:com.qmetry.qaf.automation.step.client.DataDrivenScenario@3ee]" test-instance-name="Login - Verify user can not login if email is blank and password is entered" name="setup" is-config="true" duration-ms="1" started-at="2017-07-10T10:27:17Z" finished-at="2017-07-10T10:27:17Z">
          <params>
            <param index="0">
              <value>
                <![CDATA[org.testng.TestRunner@7d8995e]]>
              </value>
            </param>
          </params>
          <reporter-output>
          </reporter-output>
        </test-method> <!-- setup -->
        <test-method status="PASS" signature="setupMethod(java.lang.reflect.Method, org.testng.ITestContext)[pri:0, instance:com.qmetry.qaf.automation.step.client.DataDrivenScenario@3ee]" test-instance-name="Login - Verify user can not login if email is blank and password is entered" name="setupMethod" is-config="true" duration-ms="0" started-at="2017-07-10T10:27:17Z" finished-at="2017-07-10T10:27:17Z">
          <params>
            <param index="0">
              <value>
                <![CDATA[public void com.qmetry.qaf.automation.step.client.DataDrivenScenario.scenario(java.util.Map)]]>
              </value>
            </param>
            <param index="1">
              <value>
                <![CDATA[org.testng.TestRunner@7d8995e]]>
              </value>
            </param>
          </params>
          <reporter-output>
          </reporter-output>
        </test-method> <!-- setupMethod -->
        <test-method name="Login - Verify user can not login if email is blank and password is entered" test-instance-name="Login - Verify user can not login if email is blank and password is entered" signature="Login - Verify user can not login if email is blank and password is entered( java.util.Map)[pri:1002, instance:com.qmetry.qaf.automation.step.client.DataDrivenScenario@3ea]" status="PASS" duration-ms="5457" finished-at="2017-07-10T10:27:23Z" started-at="2017-07-10T10:27:17Z" data-provider="scenariodp" description="Verify user can not login if email is blank and password is entered">
          <params>
            <param index="0">
              <value>
                <![CDATA[{email=qa1.infostretch@gmail.com, password=Qa123456, invalidPassword=Ta123456, formatPassword=ta1111, invalidemail=qa@tmail.commm, sqlemail=test@example.com' OR 1 = 1 --}]]>
              </value>
            </param>
          </params>
          <reporter-output>
            <line>
              <![CDATA[<div style="display:block;margin-left:10px;"><div  class="teststeppass"><span class="teststeppass-label">T </span>Given user is on singlecare 'home' page</div><div style="display:block;margin-left:10px;"><div  class="info"><span class="info-label">I </span>Page title is SingleCare: Affordable Health Care & Pharmacy Discount Card</div><div  class="pass"><span class="pass-label">P </span>We are on singlecare page
Expected: "SingleCare: Affordable Health Care & Pharmacy Discount Card"
     Actual: was "SingleCare: Affordable Health Care & Pharmacy Discount Card" <a href="img/Login - Verify user can not login if email is blank and password is entered_ljlbnxjf20i93812.png" target="_blank">[View Screenshot]</a> </div></div><div  class="teststeppass"><span class="teststeppass-label">T </span>When user navigates to 'signin' page</div><div  class="teststeppass"><span class="teststeppass-label">T </span>And user login with blank email and 'Qa123456'</div><div  class="teststeppass"><span class="teststeppass-label">T </span>Then user gets field error message</div><div style="display:block;margin-left:10px;"><div  class="pass"><span class="pass-label">P </span>Error message Displayed
Expected: "This value is required."
     Actual: was "This value is required." <a href="img/Login - Verify user can not login if email is blank and password is entered_gg4dksxpeq8u3813.png" target="_blank">[View Screenshot]</a> </div></div><div  class="teststeppass"><span class="teststeppass-label">T </span>And verify user unable to log in</div><div style="display:block;margin-left:10px;"><div  class="pass"><span class="pass-label">P </span>Expected Login Button disabled : Actual Login Button disabled <a href="img/Login - Verify user can not login if email is blank and password is entered_t271qosdjoob3814.png" target="_blank">[View Screenshot]</a> </div></div></div>]]>
            </line>
          </reporter-output>
        </test-method> <!-- Login - Verify user can not login if email is blank and password is entered -->
        <test-method status="PASS" signature="afterMethod(org.testng.ITestContext, org.testng.ITestResult)[pri:0, instance:com.qmetry.qaf.automation.step.client.DataDrivenScenario@3ee]" test-instance-name="Login - Verify user can not login if email is blank and password is entered" name="afterMethod" is-config="true" duration-ms="1" started-at="2017-07-10T10:27:23Z" finished-at="2017-07-10T10:27:23Z">
          <params>
            <param index="0">
              <value>
                <![CDATA[org.testng.TestRunner@7d8995e]]>
              </value>
            </param>
            <param index="1">
              <value>
                <![CDATA[[TestResult name=Login - Verify user can not login if email is blank and password is entered status=SUCCESS method=scenarios.web.login.bdd.Login - Verify user can not login if email is blank and password is entered( java.util.Map)[pri:1002, instance:com.qmetry.qaf.automation.step.client.DataDrivenScenario@3ea] output=<div style="display:block;margin-left:10px;"><div  class="teststeppass"><span class="teststeppass-label">T </span>Given user is on singlecare 'home' page</div><div style="display:block;margin-left:10px;"><div  class="info"><span class="info-label">I </span>Page title is SingleCare: Affordable Health Care & Pharmacy Discount Card</div><div  class="pass"><span class="pass-label">P </span>We are on singlecare page
Expected: "SingleCare: Affordable Health Care & Pharmacy Discount Card"
     Actual: was "SingleCare: Affordable Health Care & Pharmacy Discount Card" <a href="img/Login - Verify user can not login if email is blank and password is entered_ljlbnxjf20i93812.png" target="_blank">[View Screenshot]</a> </div></div><div  class="teststeppass"><span class="teststeppass-label">T </span>When user navigates to 'signin' page</div><div  class="teststeppass"><span class="teststeppass-label">T </span>And user login with blank email and 'Qa123456'</div><div  class="teststeppass"><span class="teststeppass-label">T </span>Then user gets field error message</div><div style="display:block;margin-left:10px;"><div  class="pass"><span class="pass-label">P </span>Error message Displayed
Expected: "This value is required."
     Actual: was "This value is required." <a href="img/Login - Verify user can not login if email is blank and password is entered_gg4dksxpeq8u3813.png" target="_blank">[View Screenshot]</a> </div></div><div  class="teststeppass"><span class="teststeppass-label">T </span>And verify user unable to log in</div><div style="display:block;margin-left:10px;"><div  class="pass"><span class="pass-label">P </span>Expected Login Button disabled : Actual Login Button disabled <a href="img/Login - Verify user can not login if email is blank and password is entered_t271qosdjoob3814.png" target="_blank">[View Screenshot]</a> </div></div></div>]]]>
              </value>
            </param>
          </params>
          <reporter-output>
          </reporter-output>
        </test-method> <!-- afterMethod -->
        <test-method status="PASS" signature="afterClass(org.testng.ITestContext)[pri:0, instance:com.qmetry.qaf.automation.step.client.DataDrivenScenario@3ee]" test-instance-name="Login - Verify user can not login if email is blank and password is entered" name="afterClass" is-config="true" duration-ms="0" started-at="2017-07-10T10:27:23Z" finished-at="2017-07-10T10:27:23Z">
          <params>
            <param index="0">
              <value>
                <![CDATA[org.testng.TestRunner@7d8995e]]>
              </value>
            </param>
          </params>
          <reporter-output>
          </reporter-output>
        </test-method> <!-- afterClass -->
        <test-method status="PASS" signature="setup(org.testng.ITestContext)[pri:0, instance:com.qmetry.qaf.automation.step.client.DataDrivenScenario@3ee]" test-instance-name="Login - Valid registered email and incorrect password" name="setup" is-config="true" duration-ms="1" started-at="2017-07-10T10:27:23Z" finished-at="2017-07-10T10:27:23Z">
          <params>
            <param index="0">
              <value>
                <![CDATA[org.testng.TestRunner@7d8995e]]>
              </value>
            </param>
          </params>
          <reporter-output>
          </reporter-output>
        </test-method> <!-- setup -->
        <test-method status="PASS" signature="setupMethod(java.lang.reflect.Method, org.testng.ITestContext)[pri:0, instance:com.qmetry.qaf.automation.step.client.DataDrivenScenario@3ee]" test-instance-name="Login - Valid registered email and incorrect password" name="setupMethod" is-config="true" duration-ms="1" started-at="2017-07-10T10:27:23Z" finished-at="2017-07-10T10:27:23Z">
          <params>
            <param index="0">
              <value>
                <![CDATA[public void com.qmetry.qaf.automation.step.client.DataDrivenScenario.scenario(java.util.Map)]]>
              </value>
            </param>
            <param index="1">
              <value>
                <![CDATA[org.testng.TestRunner@7d8995e]]>
              </value>
            </param>
          </params>
          <reporter-output>
          </reporter-output>
        </test-method> <!-- setupMethod -->
        <test-method name="Login - Valid registered email and incorrect password" test-instance-name="Login - Valid registered email and incorrect password" signature="Login - Valid registered email and incorrect password( java.util.Map)[pri:1003, instance:com.qmetry.qaf.automation.step.client.DataDrivenScenario@3eb]" status="PASS" duration-ms="8338" finished-at="2017-07-10T10:27:31Z" started-at="2017-07-10T10:27:23Z" data-provider="scenariodp" description="Valid registered email and incorrect password">
          <params>
            <param index="0">
              <value>
                <![CDATA[{email=qa1.infostretch@gmail.com, password=Qa123456, invalidPassword=Ta123456, formatPassword=ta1111, invalidemail=qa@tmail.commm, sqlemail=test@example.com' OR 1 = 1 --}]]>
              </value>
            </param>
          </params>
          <reporter-output>
            <line>
              <![CDATA[<div style="display:block;margin-left:10px;"><div  class="teststeppass"><span class="teststeppass-label">T </span>Given user is on singlecare 'home' page</div><div style="display:block;margin-left:10px;"><div  class="info"><span class="info-label">I </span>Page title is SingleCare: Affordable Health Care & Pharmacy Discount Card</div><div  class="pass"><span class="pass-label">P </span>We are on singlecare page
Expected: "SingleCare: Affordable Health Care & Pharmacy Discount Card"
     Actual: was "SingleCare: Affordable Health Care & Pharmacy Discount Card" <a href="img/Login - Valid registered email and incorrect password_1q3gy4mmlxao73815.png" target="_blank">[View Screenshot]</a> </div></div><div  class="teststeppass"><span class="teststeppass-label">T </span>When user navigates to 'signin' page</div><div  class="teststeppass"><span class="teststeppass-label">T </span>And user login with 'qa1.infostretch@gmail.com' and 'Ta123456'</div><div  class="teststeppass"><span class="teststeppass-label">T </span>Then user gets validation error message</div><div style="display:block;margin-left:10px;"><div  class="pass"><span class="pass-label">P </span>Error message Displayed
Expected: a string containing "We don't recognize that account information. Please try entering it again."
     Actual: was "We don't recognize that account information. Please try entering it again." <a href="img/Login - Valid registered email and incorrect password_g134ihkw7x033816.png" target="_blank">[View Screenshot]</a> </div></div></div>]]>
            </line>
          </reporter-output>
        </test-method> <!-- Login - Valid registered email and incorrect password -->
        <test-method status="PASS" signature="afterMethod(org.testng.ITestContext, org.testng.ITestResult)[pri:0, instance:com.qmetry.qaf.automation.step.client.DataDrivenScenario@3ee]" test-instance-name="Login - Valid registered email and incorrect password" name="afterMethod" is-config="true" duration-ms="0" started-at="2017-07-10T10:27:31Z" finished-at="2017-07-10T10:27:31Z">
          <params>
            <param index="0">
              <value>
                <![CDATA[org.testng.TestRunner@7d8995e]]>
              </value>
            </param>
            <param index="1">
              <value>
                <![CDATA[[TestResult name=Login - Valid registered email and incorrect password status=SUCCESS method=scenarios.web.login.bdd.Login - Valid registered email and incorrect password( java.util.Map)[pri:1003, instance:com.qmetry.qaf.automation.step.client.DataDrivenScenario@3eb] output=<div style="display:block;margin-left:10px;"><div  class="teststeppass"><span class="teststeppass-label">T </span>Given user is on singlecare 'home' page</div><div style="display:block;margin-left:10px;"><div  class="info"><span class="info-label">I </span>Page title is SingleCare: Affordable Health Care & Pharmacy Discount Card</div><div  class="pass"><span class="pass-label">P </span>We are on singlecare page
Expected: "SingleCare: Affordable Health Care & Pharmacy Discount Card"
     Actual: was "SingleCare: Affordable Health Care & Pharmacy Discount Card" <a href="img/Login - Valid registered email and incorrect password_1q3gy4mmlxao73815.png" target="_blank">[View Screenshot]</a> </div></div><div  class="teststeppass"><span class="teststeppass-label">T </span>When user navigates to 'signin' page</div><div  class="teststeppass"><span class="teststeppass-label">T </span>And user login with 'qa1.infostretch@gmail.com' and 'Ta123456'</div><div  class="teststeppass"><span class="teststeppass-label">T </span>Then user gets validation error message</div><div style="display:block;margin-left:10px;"><div  class="pass"><span class="pass-label">P </span>Error message Displayed
Expected: a string containing "We don't recognize that account information. Please try entering it again."
     Actual: was "We don't recognize that account information. Please try entering it again." <a href="img/Login - Valid registered email and incorrect password_g134ihkw7x033816.png" target="_blank">[View Screenshot]</a> </div></div></div>]]]>
              </value>
            </param>
          </params>
          <reporter-output>
          </reporter-output>
        </test-method> <!-- afterMethod -->
        <test-method status="PASS" signature="afterClass(org.testng.ITestContext)[pri:0, instance:com.qmetry.qaf.automation.step.client.DataDrivenScenario@3ee]" test-instance-name="Login - Valid registered email and incorrect password" name="afterClass" is-config="true" duration-ms="1" started-at="2017-07-10T10:27:31Z" finished-at="2017-07-10T10:27:31Z">
          <params>
            <param index="0">
              <value>
                <![CDATA[org.testng.TestRunner@7d8995e]]>
              </value>
            </param>
          </params>
          <reporter-output>
          </reporter-output>
        </test-method> <!-- afterClass -->
        <test-method status="PASS" signature="setup(org.testng.ITestContext)[pri:0, instance:com.qmetry.qaf.automation.step.client.DataDrivenScenario@3ee]" test-instance-name="Login - Valid registered email and incorrect format password" name="setup" is-config="true" duration-ms="0" started-at="2017-07-10T10:27:31Z" finished-at="2017-07-10T10:27:31Z">
          <params>
            <param index="0">
              <value>
                <![CDATA[org.testng.TestRunner@7d8995e]]>
              </value>
            </param>
          </params>
          <reporter-output>
          </reporter-output>
        </test-method> <!-- setup -->
        <test-method name="Login - Valid registered email and incorrect format password" test-instance-name="Login - Valid registered email and incorrect format password" signature="Login - Valid registered email and incorrect format password( java.util.Map)[pri:1004, instance:com.qmetry.qaf.automation.step.client.DataDrivenScenario@3ec]" status="PASS" duration-ms="5298" finished-at="2017-07-10T10:27:37Z" started-at="2017-07-10T10:27:31Z" data-provider="scenariodp" description=" Valid registered email and incorrect format password">
          <params>
            <param index="0">
              <value>
                <![CDATA[{email=qa1.infostretch@gmail.com, password=Qa123456, invalidPassword=Ta123456, formatPassword=ta1111, invalidemail=qa@tmail.commm, sqlemail=test@example.com' OR 1 = 1 --}]]>
              </value>
            </param>
          </params>
          <reporter-output>
            <line>
              <![CDATA[<div style="display:block;margin-left:10px;"><div  class="teststeppass"><span class="teststeppass-label">T </span>Given user is on singlecare 'home' page</div><div style="display:block;margin-left:10px;"><div  class="info"><span class="info-label">I </span>Page title is SingleCare: Affordable Health Care & Pharmacy Discount Card</div><div  class="pass"><span class="pass-label">P </span>We are on singlecare page
Expected: "SingleCare: Affordable Health Care & Pharmacy Discount Card"
     Actual: was "SingleCare: Affordable Health Care & Pharmacy Discount Card" <a href="img/Login - Valid registered email and incorrect format password_wgpqpj57cmna3817.png" target="_blank">[View Screenshot]</a> </div></div><div  class="teststeppass"><span class="teststeppass-label">T </span>When user navigates to 'signin' page</div><div  class="teststeppass"><span class="teststeppass-label">T </span>And user login with 'qa1.infostretch@gmail.com' and invalid 'ta1111'</div><div  class="teststeppass"><span class="teststeppass-label">T </span>Then user gets password error message</div><div style="display:block;margin-left:10px;"><div  class="pass"><span class="pass-label">P </span>Password Error message Displayed
Expected: "This password does not meet the criteria. Please try again."
     Actual: was "This password does not meet the criteria. Please try again." <a href="img/Login - Valid registered email and incorrect format password_1d9f00q1b3evz3818.png" target="_blank">[View Screenshot]</a> </div></div><div  class="teststeppass"><span class="teststeppass-label">T </span>And verify user unable to log in</div><div style="display:block;margin-left:10px;"><div  class="pass"><span class="pass-label">P </span>Expected Login Button disabled : Actual Login Button disabled <a href="img/Login - Valid registered email and incorrect format password_1bj1q8cn7zux73819.png" target="_blank">[View Screenshot]</a> </div></div></div>]]>
            </line>
          </reporter-output>
        </test-method> <!-- Login - Valid registered email and incorrect format password -->
        <test-method status="PASS" signature="setupMethod(java.lang.reflect.Method, org.testng.ITestContext)[pri:0, instance:com.qmetry.qaf.automation.step.client.DataDrivenScenario@3ee]" test-instance-name="Login - Valid registered email and incorrect format password" name="setupMethod" is-config="true" duration-ms="0" started-at="2017-07-10T10:27:31Z" finished-at="2017-07-10T10:27:31Z">
          <params>
            <param index="0">
              <value>
                <![CDATA[public void com.qmetry.qaf.automation.step.client.DataDrivenScenario.scenario(java.util.Map)]]>
              </value>
            </param>
            <param index="1">
              <value>
                <![CDATA[org.testng.TestRunner@7d8995e]]>
              </value>
            </param>
          </params>
          <reporter-output>
          </reporter-output>
        </test-method> <!-- setupMethod -->
        <test-method status="PASS" signature="afterMethod(org.testng.ITestContext, org.testng.ITestResult)[pri:0, instance:com.qmetry.qaf.automation.step.client.DataDrivenScenario@3ee]" test-instance-name="Login - Valid registered email and incorrect format password" name="afterMethod" is-config="true" duration-ms="1" started-at="2017-07-10T10:27:37Z" finished-at="2017-07-10T10:27:37Z">
          <params>
            <param index="0">
              <value>
                <![CDATA[org.testng.TestRunner@7d8995e]]>
              </value>
            </param>
            <param index="1">
              <value>
                <![CDATA[[TestResult name=Login - Valid registered email and incorrect format password status=SUCCESS method=scenarios.web.login.bdd.Login - Valid registered email and incorrect format password( java.util.Map)[pri:1004, instance:com.qmetry.qaf.automation.step.client.DataDrivenScenario@3ec] output=<div style="display:block;margin-left:10px;"><div  class="teststeppass"><span class="teststeppass-label">T </span>Given user is on singlecare 'home' page</div><div style="display:block;margin-left:10px;"><div  class="info"><span class="info-label">I </span>Page title is SingleCare: Affordable Health Care & Pharmacy Discount Card</div><div  class="pass"><span class="pass-label">P </span>We are on singlecare page
Expected: "SingleCare: Affordable Health Care & Pharmacy Discount Card"
     Actual: was "SingleCare: Affordable Health Care & Pharmacy Discount Card" <a href="img/Login - Valid registered email and incorrect format password_wgpqpj57cmna3817.png" target="_blank">[View Screenshot]</a> </div></div><div  class="teststeppass"><span class="teststeppass-label">T </span>When user navigates to 'signin' page</div><div  class="teststeppass"><span class="teststeppass-label">T </span>And user login with 'qa1.infostretch@gmail.com' and invalid 'ta1111'</div><div  class="teststeppass"><span class="teststeppass-label">T </span>Then user gets password error message</div><div style="display:block;margin-left:10px;"><div  class="pass"><span class="pass-label">P </span>Password Error message Displayed
Expected: "This password does not meet the criteria. Please try again."
     Actual: was "This password does not meet the criteria. Please try again." <a href="img/Login - Valid registered email and incorrect format password_1d9f00q1b3evz3818.png" target="_blank">[View Screenshot]</a> </div></div><div  class="teststeppass"><span class="teststeppass-label">T </span>And verify user unable to log in</div><div style="display:block;margin-left:10px;"><div  class="pass"><span class="pass-label">P </span>Expected Login Button disabled : Actual Login Button disabled <a href="img/Login - Valid registered email and incorrect format password_1bj1q8cn7zux73819.png" target="_blank">[View Screenshot]</a> </div></div></div>]]]>
              </value>
            </param>
          </params>
          <reporter-output>
          </reporter-output>
        </test-method> <!-- afterMethod -->
        <test-method status="PASS" signature="setup(org.testng.ITestContext)[pri:0, instance:com.qmetry.qaf.automation.step.client.DataDrivenScenario@3ee]" test-instance-name="Login - Incorrect email and incorrect password" name="setup" is-config="true" duration-ms="0" started-at="2017-07-10T10:27:37Z" finished-at="2017-07-10T10:27:37Z">
          <params>
            <param index="0">
              <value>
                <![CDATA[org.testng.TestRunner@7d8995e]]>
              </value>
            </param>
          </params>
          <reporter-output>
          </reporter-output>
        </test-method> <!-- setup -->
        <test-method status="PASS" signature="afterClass(org.testng.ITestContext)[pri:0, instance:com.qmetry.qaf.automation.step.client.DataDrivenScenario@3ee]" test-instance-name="Login - Valid registered email and incorrect format password" name="afterClass" is-config="true" duration-ms="0" started-at="2017-07-10T10:27:37Z" finished-at="2017-07-10T10:27:37Z">
          <params>
            <param index="0">
              <value>
                <![CDATA[org.testng.TestRunner@7d8995e]]>
              </value>
            </param>
          </params>
          <reporter-output>
          </reporter-output>
        </test-method> <!-- afterClass -->
        <test-method status="PASS" signature="setupMethod(java.lang.reflect.Method, org.testng.ITestContext)[pri:0, instance:com.qmetry.qaf.automation.step.client.DataDrivenScenario@3ee]" test-instance-name="Login - Incorrect email and incorrect password" name="setupMethod" is-config="true" duration-ms="0" started-at="2017-07-10T10:27:37Z" finished-at="2017-07-10T10:27:37Z">
          <params>
            <param index="0">
              <value>
                <![CDATA[public void com.qmetry.qaf.automation.step.client.DataDrivenScenario.scenario(java.util.Map)]]>
              </value>
            </param>
            <param index="1">
              <value>
                <![CDATA[org.testng.TestRunner@7d8995e]]>
              </value>
            </param>
          </params>
          <reporter-output>
          </reporter-output>
        </test-method> <!-- setupMethod -->
        <test-method name="Login - Incorrect email and incorrect password" test-instance-name="Login - Incorrect email and incorrect password" signature="Login - Incorrect email and incorrect password( java.util.Map)[pri:1005, instance:com.qmetry.qaf.automation.step.client.DataDrivenScenario@3ed]" status="PASS" duration-ms="6703" finished-at="2017-07-10T10:27:43Z" started-at="2017-07-10T10:27:37Z" data-provider="scenariodp" description=" Login - Incorrect email and incorrect password">
          <params>
            <param index="0">
              <value>
                <![CDATA[{email=qa1.infostretch@gmail.com, password=Qa123456, invalidPassword=Ta123456, formatPassword=ta1111, invalidemail=qa@tmail.commm, sqlemail=test@example.com' OR 1 = 1 --}]]>
              </value>
            </param>
          </params>
          <reporter-output>
            <line>
              <![CDATA[<div style="display:block;margin-left:10px;"><div  class="teststeppass"><span class="teststeppass-label">T </span>Given user is on singlecare 'home' page</div><div style="display:block;margin-left:10px;"><div  class="info"><span class="info-label">I </span>Page title is SingleCare: Affordable Health Care & Pharmacy Discount Card</div><div  class="pass"><span class="pass-label">P </span>We are on singlecare page
Expected: "SingleCare: Affordable Health Care & Pharmacy Discount Card"
     Actual: was "SingleCare: Affordable Health Care & Pharmacy Discount Card" <a href="img/Login - Incorrect email and incorrect password_7tngnme8uyc33820.png" target="_blank">[View Screenshot]</a> </div></div><div  class="teststeppass"><span class="teststeppass-label">T </span>When user navigates to 'signin' page</div><div  class="teststeppass"><span class="teststeppass-label">T </span>And user login with 'qa@tmail.commm' and 'Ta123456'</div><div  class="teststeppass"><span class="teststeppass-label">T </span>Then user gets error message</div><div style="display:block;margin-left:10px;"><div  class="pass"><span class="pass-label">P </span>Error message Displayed
Expected: a string containing "We don't recognize that account information. Please try entering it again."
     Actual: was "We don't recognize that account information. Please try entering it again." <a href="img/Login - Incorrect email and incorrect password_1rth5xj5e2kn23821.png" target="_blank">[View Screenshot]</a> </div></div></div>]]>
            </line>
          </reporter-output>
        </test-method> <!-- Login - Incorrect email and incorrect password -->
        <test-method status="PASS" signature="afterClass(org.testng.ITestContext)[pri:0, instance:com.qmetry.qaf.automation.step.client.DataDrivenScenario@3ee]" test-instance-name="Login - Incorrect email and incorrect password" name="afterClass" is-config="true" duration-ms="0" started-at="2017-07-10T10:27:43Z" finished-at="2017-07-10T10:27:43Z">
          <params>
            <param index="0">
              <value>
                <![CDATA[org.testng.TestRunner@7d8995e]]>
              </value>
            </param>
          </params>
          <reporter-output>
          </reporter-output>
        </test-method> <!-- afterClass -->
        <test-method status="PASS" signature="afterMethod(org.testng.ITestContext, org.testng.ITestResult)[pri:0, instance:com.qmetry.qaf.automation.step.client.DataDrivenScenario@3ee]" test-instance-name="Login - Incorrect email and incorrect password" name="afterMethod" is-config="true" duration-ms="0" started-at="2017-07-10T10:27:43Z" finished-at="2017-07-10T10:27:43Z">
          <params>
            <param index="0">
              <value>
                <![CDATA[org.testng.TestRunner@7d8995e]]>
              </value>
            </param>
            <param index="1">
              <value>
                <![CDATA[[TestResult name=Login - Incorrect email and incorrect password status=SUCCESS method=scenarios.web.login.bdd.Login - Incorrect email and incorrect password( java.util.Map)[pri:1005, instance:com.qmetry.qaf.automation.step.client.DataDrivenScenario@3ed] output=<div style="display:block;margin-left:10px;"><div  class="teststeppass"><span class="teststeppass-label">T </span>Given user is on singlecare 'home' page</div><div style="display:block;margin-left:10px;"><div  class="info"><span class="info-label">I </span>Page title is SingleCare: Affordable Health Care & Pharmacy Discount Card</div><div  class="pass"><span class="pass-label">P </span>We are on singlecare page
Expected: "SingleCare: Affordable Health Care & Pharmacy Discount Card"
     Actual: was "SingleCare: Affordable Health Care & Pharmacy Discount Card" <a href="img/Login - Incorrect email and incorrect password_7tngnme8uyc33820.png" target="_blank">[View Screenshot]</a> </div></div><div  class="teststeppass"><span class="teststeppass-label">T </span>When user navigates to 'signin' page</div><div  class="teststeppass"><span class="teststeppass-label">T </span>And user login with 'qa@tmail.commm' and 'Ta123456'</div><div  class="teststeppass"><span class="teststeppass-label">T </span>Then user gets error message</div><div style="display:block;margin-left:10px;"><div  class="pass"><span class="pass-label">P </span>Error message Displayed
Expected: a string containing "We don't recognize that account information. Please try entering it again."
     Actual: was "We don't recognize that account information. Please try entering it again." <a href="img/Login - Incorrect email and incorrect password_1rth5xj5e2kn23821.png" target="_blank">[View Screenshot]</a> </div></div></div>]]]>
              </value>
            </param>
          </params>
          <reporter-output>
          </reporter-output>
        </test-method> <!-- afterMethod -->
        <test-method status="PASS" signature="setup(org.testng.ITestContext)[pri:0, instance:com.qmetry.qaf.automation.step.client.DataDrivenScenario@3ee]" test-instance-name="Login - SQL Injection" name="setup" is-config="true" duration-ms="1" started-at="2017-07-10T10:27:43Z" finished-at="2017-07-10T10:27:43Z">
          <params>
            <param index="0">
              <value>
                <![CDATA[org.testng.TestRunner@7d8995e]]>
              </value>
            </param>
          </params>
          <reporter-output>
          </reporter-output>
        </test-method> <!-- setup -->
        <test-method name="Login - SQL Injection" test-instance-name="Login - SQL Injection" signature="Login - SQL Injection( java.util.Map)[pri:1006, instance:com.qmetry.qaf.automation.step.client.DataDrivenScenario@3ee]" status="PASS" duration-ms="7230" finished-at="2017-07-10T10:27:50Z" started-at="2017-07-10T10:27:43Z" data-provider="scenariodp" description=" Login - SQL Injection">
          <params>
            <param index="0">
              <value>
                <![CDATA[{email=qa1.infostretch@gmail.com, password=Qa123456, invalidPassword=Ta123456, formatPassword=ta1111, invalidemail=qa@tmail.commm, sqlemail=test@example.com' OR 1 = 1 --}]]>
              </value>
            </param>
          </params>
          <reporter-output>
            <line>
              <![CDATA[<div style="display:block;margin-left:10px;"><div  class="teststeppass"><span class="teststeppass-label">T </span>Given user is on singlecare 'home' page</div><div style="display:block;margin-left:10px;"><div  class="info"><span class="info-label">I </span>Page title is SingleCare: Affordable Health Care & Pharmacy Discount Card</div><div  class="pass"><span class="pass-label">P </span>We are on singlecare page
Expected: "SingleCare: Affordable Health Care & Pharmacy Discount Card"
     Actual: was "SingleCare: Affordable Health Care & Pharmacy Discount Card" <a href="img/Login - SQL Injection_sgrl1dff3s2q3822.png" target="_blank">[View Screenshot]</a> </div></div><div  class="teststeppass"><span class="teststeppass-label">T </span>When user navigates to 'signin' page</div><div  class="teststeppass"><span class="teststeppass-label">T </span>And user login with invalid 'test@example.com' OR 1 = 1 --' and valid 'Qa123456'</div><div  class="teststeppass"><span class="teststeppass-label">T </span>Then user gets invalid email error message</div><div style="display:block;margin-left:10px;"><div  class="pass"><span class="pass-label">P </span>Invalid Email Error message Displayed
Expected: "Please enter a valid email."
     Actual: was "Please enter a valid email." <a href="img/Login - SQL Injection_2oyd3hlva5do3823.png" target="_blank">[View Screenshot]</a> </div></div></div>]]>
            </line>
          </reporter-output>
        </test-method> <!-- Login - SQL Injection -->
        <test-method status="PASS" signature="setupMethod(java.lang.reflect.Method, org.testng.ITestContext)[pri:0, instance:com.qmetry.qaf.automation.step.client.DataDrivenScenario@3ee]" test-instance-name="Login - SQL Injection" name="setupMethod" is-config="true" duration-ms="0" started-at="2017-07-10T10:27:43Z" finished-at="2017-07-10T10:27:43Z">
          <params>
            <param index="0">
              <value>
                <![CDATA[public void com.qmetry.qaf.automation.step.client.DataDrivenScenario.scenario(java.util.Map)]]>
              </value>
            </param>
            <param index="1">
              <value>
                <![CDATA[org.testng.TestRunner@7d8995e]]>
              </value>
            </param>
          </params>
          <reporter-output>
          </reporter-output>
        </test-method> <!-- setupMethod -->
        <test-method status="PASS" signature="afterMethod(org.testng.ITestContext, org.testng.ITestResult)[pri:0, instance:com.qmetry.qaf.automation.step.client.DataDrivenScenario@3ee]" test-instance-name="Login - SQL Injection" name="afterMethod" is-config="true" duration-ms="1" started-at="2017-07-10T10:27:50Z" finished-at="2017-07-10T10:27:50Z">
          <params>
            <param index="0">
              <value>
                <![CDATA[org.testng.TestRunner@7d8995e]]>
              </value>
            </param>
            <param index="1">
              <value>
                <![CDATA[[TestResult name=Login - SQL Injection status=SUCCESS method=scenarios.web.login.bdd.Login - SQL Injection( java.util.Map)[pri:1006, instance:com.qmetry.qaf.automation.step.client.DataDrivenScenario@3ee] output=<div style="display:block;margin-left:10px;"><div  class="teststeppass"><span class="teststeppass-label">T </span>Given user is on singlecare 'home' page</div><div style="display:block;margin-left:10px;"><div  class="info"><span class="info-label">I </span>Page title is SingleCare: Affordable Health Care & Pharmacy Discount Card</div><div  class="pass"><span class="pass-label">P </span>We are on singlecare page
Expected: "SingleCare: Affordable Health Care & Pharmacy Discount Card"
     Actual: was "SingleCare: Affordable Health Care & Pharmacy Discount Card" <a href="img/Login - SQL Injection_sgrl1dff3s2q3822.png" target="_blank">[View Screenshot]</a> </div></div><div  class="teststeppass"><span class="teststeppass-label">T </span>When user navigates to 'signin' page</div><div  class="teststeppass"><span class="teststeppass-label">T </span>And user login with invalid 'test@example.com' OR 1 = 1 --' and valid 'Qa123456'</div><div  class="teststeppass"><span class="teststeppass-label">T </span>Then user gets invalid email error message</div><div style="display:block;margin-left:10px;"><div  class="pass"><span class="pass-label">P </span>Invalid Email Error message Displayed
Expected: "Please enter a valid email."
     Actual: was "Please enter a valid email." <a href="img/Login - SQL Injection_2oyd3hlva5do3823.png" target="_blank">[View Screenshot]</a> </div></div></div>]]]>
              </value>
            </param>
          </params>
          <reporter-output>
          </reporter-output>
        </test-method> <!-- afterMethod -->
        <test-method status="PASS" signature="afterClass(org.testng.ITestContext)[pri:0, instance:com.qmetry.qaf.automation.step.client.DataDrivenScenario@3ee]" test-instance-name="Login - SQL Injection" name="afterClass" is-config="true" duration-ms="0" started-at="2017-07-10T10:27:50Z" finished-at="2017-07-10T10:27:50Z">
          <params>
            <param index="0">
              <value>
                <![CDATA[org.testng.TestRunner@7d8995e]]>
              </value>
            </param>
          </params>
          <reporter-output>
          </reporter-output>
        </test-method> <!-- afterClass -->
      </class> <!-- com.qmetry.qaf.automation.step.client.DataDrivenScenario -->
    </test> <!-- Single Care TEST SUITE -->
  </suite> <!-- Single Care Test Suite -->
</testng-results>
